<?xml version="1.0" encoding="UTF-8"?>
<!-- Generated by org.testng.reporters.JUnitXMLReporter -->
<testsuite ignored="4" hostname="DESKTOP-H2NG9V0" failures="0" tests="3" name="Default test" time="76.593" errors="0" timestamp="2021-05-19T14:13:10 EDT">
  <testcase classname="TestCase.Shop" name="sortingFuction5" time="25.882"/>
  <testcase classname="TestCase.Shop" name="sortingFuction6" time="15.302"/>
  <testcase classname="TestCase.Shop" name="sortingFuction7" time="15.916"/>
  <testcase classname="TestCase.Shop" name="shopCatatory" time="0.0">
    <ignored/>
  </testcase> <!-- shopCatatory -->
  <testcase classname="TestCase.Shop" name="shopFillter" time="0.0">
    <ignored/>
  </testcase> <!-- shopFillter -->
  <testcase classname="TestCase.Shop" name="sortingFuction" time="0.0">
    <ignored/>
  </testcase> <!-- sortingFuction -->
  <testcase classname="TestCase.Shop" name="sortingFuction4" time="0.0">
    <ignored/>
  </testcase> <!-- sortingFuction4 -->
</testsuite> <!-- Default test -->
