<?xml version="1.0" encoding="UTF-8"?>
<testng-results ignored="4" total="7" passed="3" failed="0" skipped="0">
  <reporter-output>
  </reporter-output>
  <suite started-at="2021-05-19T14:11:53 EDT" name="Default suite" finished-at="2021-05-19T14:13:10 EDT" duration-ms="76593">
    <groups>
    </groups>
    <test started-at="2021-05-19T14:11:53 EDT" name="Default test" finished-at="2021-05-19T14:13:10 EDT" duration-ms="76593">
      <class name="TestCase.Shop">
        <test-method is-config="true" signature="windowSetup()[pri:0, instance:TestCase.Shop@1e886a5b]" started-at="2021-05-19T14:11:53 EDT" name="windowSetup" finished-at="2021-05-19T14:12:00 EDT" duration-ms="6387" status="PASS">
          <reporter-output>
          </reporter-output>
        </test-method> <!-- windowSetup -->
        <test-method signature="sortingFuction5()[pri:0, instance:TestCase.Shop@1e886a5b]" started-at="2021-05-19T14:12:00 EDT" name="sortingFuction5" finished-at="2021-05-19T14:12:25 EDT" duration-ms="25882" status="PASS">
          <reporter-output>
          </reporter-output>
        </test-method> <!-- sortingFuction5 -->
        <test-method is-config="true" signature="windowSetup()[pri:0, instance:TestCase.Shop@1e886a5b]" started-at="2021-05-19T14:12:25 EDT" name="windowSetup" finished-at="2021-05-19T14:12:32 EDT" duration-ms="6283" status="PASS">
          <reporter-output>
          </reporter-output>
        </test-method> <!-- windowSetup -->
        <test-method signature="sortingFuction6()[pri:0, instance:TestCase.Shop@1e886a5b]" started-at="2021-05-19T14:12:32 EDT" name="sortingFuction6" finished-at="2021-05-19T14:12:47 EDT" duration-ms="15302" status="PASS">
          <reporter-output>
          </reporter-output>
        </test-method> <!-- sortingFuction6 -->
        <test-method is-config="true" signature="windowSetup()[pri:0, instance:TestCase.Shop@1e886a5b]" started-at="2021-05-19T14:12:47 EDT" name="windowSetup" finished-at="2021-05-19T14:12:54 EDT" duration-ms="6666" status="PASS">
          <reporter-output>
          </reporter-output>
        </test-method> <!-- windowSetup -->
        <test-method signature="sortingFuction7()[pri:0, instance:TestCase.Shop@1e886a5b]" started-at="2021-05-19T14:12:54 EDT" name="sortingFuction7" finished-at="2021-05-19T14:13:10 EDT" duration-ms="15916" status="PASS">
          <reporter-output>
          </reporter-output>
        </test-method> <!-- sortingFuction7 -->
      </class> <!-- TestCase.Shop -->
    </test> <!-- Default test -->
  </suite> <!-- Default suite -->
</testng-results>
