<?xml version="1.0" encoding="UTF-8"?>
<testng-results ignored="1" total="2" passed="1" failed="0" skipped="0">
  <reporter-output>
  </reporter-output>
  <suite started-at="2021-05-25T14:20:39 EDT" name="Default suite" finished-at="2021-05-25T14:21:01 EDT" duration-ms="21739">
    <groups>
    </groups>
    <test started-at="2021-05-25T14:20:39 EDT" name="Default test" finished-at="2021-05-25T14:21:01 EDT" duration-ms="21739">
      <class name="test.HomeTest">
        <test-method is-config="true" signature="windowSetup()[pri:0, instance:test.HomeTest@255990cc]" started-at="2021-05-25T14:20:39 EDT" name="windowSetup" finished-at="2021-05-25T14:20:46 EDT" duration-ms="6021" status="PASS">
          <reporter-output>
          </reporter-output>
        </test-method> <!-- windowSetup -->
        <test-method signature="dress()[pri:0, instance:test.HomeTest@255990cc]" started-at="2021-05-25T14:20:46 EDT" name="dress" finished-at="2021-05-25T14:21:01 EDT" duration-ms="15677" status="PASS">
          <reporter-output>
          </reporter-output>
        </test-method> <!-- dress -->
      </class> <!-- test.HomeTest -->
    </test> <!-- Default test -->
  </suite> <!-- Default suite -->
</testng-results>
