<?xml version="1.0" encoding="UTF-8"?>
<testng-results ignored="0" total="1" passed="1" failed="0" skipped="0">
  <reporter-output>
  </reporter-output>
  <suite started-at="2021-05-25T19:02:16 EDT" name="Default suite" finished-at="2021-05-25T19:02:47 EDT" duration-ms="31390">
    <groups>
    </groups>
    <test started-at="2021-05-25T19:02:16 EDT" name="Default test" finished-at="2021-05-25T19:02:47 EDT" duration-ms="31390">
      <class name="projectTest.HomePage">
        <test-method is-config="true" signature="windowSetup()[pri:0, instance:projectTest.HomePage@ecf9fb3]" started-at="2021-05-25T19:02:16 EDT" name="windowSetup" finished-at="2021-05-25T19:02:19 EDT" duration-ms="3085" status="PASS">
          <reporter-output>
          </reporter-output>
        </test-method> <!-- windowSetup -->
        <test-method signature="test1()[pri:0, instance:projectTest.HomePage@ecf9fb3]" started-at="2021-05-25T19:02:19 EDT" name="test1" finished-at="2021-05-25T19:02:47 EDT" duration-ms="28258" status="PASS">
          <reporter-output>
          </reporter-output>
        </test-method> <!-- test1 -->
      </class> <!-- projectTest.HomePage -->
    </test> <!-- Default test -->
  </suite> <!-- Default suite -->
</testng-results>
